<?xml version="1.0" encoding="utf-8"?>
<Label ClockSystem="24-Hour" Registration="39" GroupNumber="" GroupName="" Name="Test" BeRestrictive="False" UseHalfSpace="False" Format="Individual" Version="3">
  <Printer Model="RX-2" Make="Hitachi">
    <PrintHead Orientation="0000" />
    <ContinuousPrinting RepeatInterval="0000" PrintsPerTrigger="0000" />
    <TargetSensor Filter="2" SetupValue="0050" Timer="000" />
    <CharacterSize Height="70" Width="010" />
    <PrintStartDelay Reverse="0000" Forward="0000" />
    <EncoderSettings HighSpeedPrinting="0" Divisor="1" ExternalEncoder="False" />
    <InkStream InkDropUse="03" ChargeRule="Standard" />
    <TwinNozzle LeadingCharControl="0" LeadingCharControlWidth1="20" LeadingCharControlWidth2="20" NozzleSpaceAlignment="0" />
  </Printer>
  <Objects>
    <Object Type="Text">
      <Font HumanReadableFont="(None)" EANPrefix="00" BarCode="(None)" IncreasedWidth="1" InterLineSpace="1" InterCharacterSpace="1">12X16</Font>
      <Location ItemNumber="1" Column="1" Row="1" Height="16" Width="143" Left="0" Top="16" />
      <Text>Bottom Line</Text>
    </Object>
    <Object Type="Text">
      <Font HumanReadableFont="(None)" EANPrefix="00" BarCode="(None)" IncreasedWidth="1" InterLineSpace="0" InterCharacterSpace="1">5X8</Font>
      <Location ItemNumber="2" Column="2" Row="2" Height="16" Width="36" Left="143" Top="16" />
      <Text>Line 1
Line 2</Text>
    </Object>
    <Object Type="Text">
      <Font HumanReadableFont="(None)" EANPrefix="00" BarCode="(None)" IncreasedWidth="1" InterLineSpace="1" InterCharacterSpace="1">7X10</Font>
      <Location ItemNumber="4" Column="3" Row="1" Height="10" Width="48" Left="179" Top="10" />
      <Text>Column 3</Text>
    </Object>
  </Objects>
</Label>