<?xml version="1.0" encoding="utf-8"?>
<Label Version="1">
  <Printer Make="Hitachi">
    <PrintHead Orientation="Reverse_Forward" />
    <ContinuousPrinting RepeatInterval="0" PrintsPerTrigger="1" />
    <TargetSensor Filter="Complete" SetupValue="50" Timer="0" />
    <CharacterSize Width="0" Height="50" />
    <PrintStartDelay Forward="0" Reverse="0" />
    <EncoderSettings HighSpeedPrinting="HM" Divisor="1" ExternalEncoder="Off" />
    <InkStream InkDropUse="2" ChargeRule="Normal" />
    <ClockSystem HourMode24="True" />
    <Substitution Delimiter="/" StartYear="2019" RuleNumber="1" RuleName="REP01       ">
      <Rule Type="Month" Base="1">JAN/FEB/MAR/APR/MAY/JUN/JUL/AUG/SEP/OCT</Rule>
      <Rule Type="Month" Base="11">NOV/DEC</Rule>
    </Substitution>
  </Printer>
  <Message Layout="SeparateSetup" Registration="23" GroupNumber="2" GroupName="Firestone2" Name="Hello">
    <Column InterLineSpacing="1">
      <Item>
        <Font InterCharacterSpace="1" IncreasedWidth="1" DotMatrix="Size5x7" />
        <BarCode />
        <Text>P1267 02 </Text>
      </Item>
      <Item>
        <Font InterCharacterSpace="1" IncreasedWidth="1" DotMatrix="Size5x7" />
        <BarCode />
        <Date Block="1" SubstitutionRule="1" RuleName="">
          <Offset Year="0" Month="0" Day="23" Hour="0" Minute="0" />
          <ZeroSuppress Year="None" Month="None" Day="None" />
          <Substitute Year="False" Month="True" Day="False" />
        </Date>
        <Text>BEST BY {MMM DD, YYYY}TX0510873</Text>
      </Item>
      <Item>
        <Font InterCharacterSpace="1" IncreasedWidth="1" DotMatrix="Size5x7" />
        <BarCode />
        <Text>1302 PRIMROSE DR,BERRYVILLE,AR</Text>
      </Item>
    </Column>
    <Column InterLineSpacing="1">
      <Item>
        <Font InterCharacterSpace="1" IncreasedWidth="1" DotMatrix="Size5x7" />
        <BarCode />
        <Date Block="1" SubstitutionRule="1" RuleName="">
          <Offset Year="0" Month="0" Day="0" Hour="0" Minute="0" />
          <ZeroSuppress Hour="None" Minute="None" />
          <Substitute Hour="False" Minute="False" />
        </Date>
        <Text>{TTT hh:mm}LA388</Text>
      </Item>
      <Item>
        <Font InterCharacterSpace="1" IncreasedWidth="1" DotMatrix="Size5x7" />
        <BarCode />
        <Text />
      </Item>
      <Item>
        <Font InterCharacterSpace="1" IncreasedWidth="1" DotMatrix="Size5x7" />
        <BarCode />
        <Text />
      </Item>
    </Column>
  </Message>
</Label>